TN:
SF:src/useCases/submitFeedbackUseCase.ts
FN:16,execute
FN:11,SubmitFeedbackUseCase
FNF:2
FNH:2
FNDA:8,execute
FNDA:1,SubmitFeedbackUseCase
DA:1,1
DA:2,1
DA:3,1
DA:4,1
DA:5,1
DA:6,1
DA:7,1
DA:8,1
DA:9,1
DA:10,1
DA:11,1
DA:12,1
DA:13,1
DA:14,1
DA:15,1
DA:16,1
DA:17,8
DA:18,8
DA:19,8
DA:20,8
DA:21,7
DA:22,8
DA:23,4
DA:24,4
DA:25,4
DA:26,3
DA:27,3
DA:28,3
DA:29,3
DA:30,3
DA:31,3
DA:32,3
DA:33,3
DA:34,3
DA:35,3
DA:36,3
DA:37,3
DA:38,3
DA:39,3
DA:40,3
DA:41,3
DA:42,3
DA:43,3
DA:44,3
DA:45,3
DA:46,1
LF:46
LH:46
BRDA:16,0,0,8
BRDA:19,1,0,2
BRDA:20,2,0,1
BRDA:21,3,0,7
BRDA:22,4,0,5
BRDA:22,5,0,4
BRDA:23,6,0,2
BRDA:23,7,0,1
BRDA:23,8,0,3
BRDA:23,9,0,1
BRDA:23,10,0,2
BRDA:26,11,0,3
BRDA:11,12,0,1
BRF:13
BRH:13
end_of_record
